<?xml version="1.0" encoding="UTF-8"?>
<!-- Generated by org.testng.reporters.JUnitReportReporter -->
<testsuite hostname="rivendell" name="br.test.ControladorReservaVeiculoPorModeloFunctionalTest" tests="10" failures="0" timestamp="1 Dec 2014 02:01:49 GMT" time="29.565" errors="0">
  <testcase name="testValidarMarca_MarcaNaoInserida_DeveInvalidarReserva" time="1.275" classname="br.test.ControladorReservaVeiculoPorModeloFunctionalTest"/>
  <testcase name="testControladorReservaVeiculo_VerificarClienteListaNegra_ClienteNaoEstaNaListaNegra_DeveValidarAReserva" time="2.128" classname="br.test.ControladorReservaVeiculoPorModeloFunctionalTest"/>
  <testcase name="testControladorReservaVeiculoPorModelo_Cadastrar_VeiculoDeveEstarDisponivelDepoisDeEfetuarAReserva" time="10.875" classname="br.test.ControladorReservaVeiculoPorModeloFunctionalTest"/>
  <testcase name="testControladorReservaVeiculoPorModelo_PopularVeiculo_MaisDeUmVeiculoDaMesmaMarcaEModelo_DeveEscolherQualquerUm" time="2.242" classname="br.test.ControladorReservaVeiculoPorModeloFunctionalTest"/>
  <testcase name="testControladorReservaVeiculo_VerificarClienteListaNegra_ClienteEstaNaListaNegra_DeveInvalidarAReserva" time="2.045" classname="br.test.ControladorReservaVeiculoPorModeloFunctionalTest"/>
  <testcase name="testControladorReservaVeiculo_VerificarClienteCadastrado_ClienteCadastrado_DeveValidarAReserva" time="1.525" classname="br.test.ControladorReservaVeiculoPorModeloFunctionalTest"/>
  <testcase name="testControladorReservaVeiculo_VerificarClienteCadastrado_ClienteNaoCadastrado_DeveInvalidarAReserva" time="2.391" classname="br.test.ControladorReservaVeiculoPorModeloFunctionalTest"/>
  <testcase name="testValidarCPF_CPFNaoInserido_DeveInvalidarReserva" time="2.179" classname="br.test.ControladorReservaVeiculoPorModeloFunctionalTest"/>
  <testcase name="testValidarModelo_ModeloNaoInserido_DeveInvalidarReserva" time="1.803" classname="br.test.ControladorReservaVeiculoPorModeloFunctionalTest"/>
  <testcase name="testControladorReservaVeiculoPorModelo_NenhumCarroDisponivelParaMarcaEModelo_NaoDeveFazerReserva" time="3.102" classname="br.test.ControladorReservaVeiculoPorModeloFunctionalTest"/>
</testsuite> <!-- br.test.ControladorReservaVeiculoPorModeloFunctionalTest -->
