<?xml version="1.0" encoding="UTF-8"?>
<!-- Generated by org.testng.reporters.JUnitReportReporter -->
<testsuite hostname="rivendell" name="br.test.ControladorCadastroVeiculoFunctionalTest" tests="1" failures="0" timestamp="28 Oct 2014 12:50:09 GMT" time="6.121" errors="0">
  <testcase name="testCadastrarVeiculo_DeveCadastrarComSucesso" time="6.121" classname="br.test.ControladorCadastroVeiculoFunctionalTest"/>
</testsuite> <!-- br.test.ControladorCadastroVeiculoFunctionalTest -->
