<?xml version="1.0" encoding="UTF-8"?>
<!-- Generated by org.testng.reporters.JUnitReportReporter -->
<testsuite hostname="rivendell" name="br.test.ControladorCadastroVeiculoFunctionalTest" tests="3" failures="0" timestamp="25 Nov 2014 11:49:09 GMT" time="9.168" errors="0">
  <testcase name="testCadastrarVeiculo_ValidarPlaca_PlacaJaCadastrada_DeveInvalidarOCadastro" time="1.203" classname="br.test.ControladorCadastroVeiculoFunctionalTest"/>
  <testcase name="testCadastrarVeiculo_ValidarPlaca_PlacaNaoCadastrada_DeveValidarOCadastro" time="1.301" classname="br.test.ControladorCadastroVeiculoFunctionalTest"/>
  <testcase name="testCadastrarVeiculo_DeveCadastrarComSucesso" time="6.664" classname="br.test.ControladorCadastroVeiculoFunctionalTest"/>
</testsuite> <!-- br.test.ControladorCadastroVeiculoFunctionalTest -->
