<?xml version="1.0" encoding="UTF-8"?>
<!-- Generated by org.testng.reporters.JUnitReportReporter -->
<testsuite hostname="rivendell" name="br.test.ControladorCadastroClienteFunctionalTest" tests="5" failures="0" timestamp="25 Nov 2014 11:19:25 GMT" time="11.164" errors="0">
  <testcase name="testVerificarCPF_CPFNaoExisteNoBanco_DeveRetornarTrue" time="0.988" classname="br.test.ControladorCadastroClienteFunctionalTest"/>
  <testcase name="testCadastrarCliente_CadastrarComSucesso_ClienteDeveEstarNoBanco" time="6.817" classname="br.test.ControladorCadastroClienteFunctionalTest"/>
  <testcase name="testValidarCPF_CPFExisteNoBanco_DeveInserirUmaMensagemNoBundle" time="1.266" classname="br.test.ControladorCadastroClienteFunctionalTest"/>
  <testcase name="testVerificarCPF_CPFExisteNoBanco_DeveRetornarFalse" time="1.036" classname="br.test.ControladorCadastroClienteFunctionalTest"/>
  <testcase name="testValidarCPF_CPFNaoExisteNoBanco_NaoDeveInserirUmaMensagemNoBundle" time="1.057" classname="br.test.ControladorCadastroClienteFunctionalTest"/>
</testsuite> <!-- br.test.ControladorCadastroClienteFunctionalTest -->
