<?xml version="1.0" encoding="UTF-8"?>
<!-- Generated by org.testng.reporters.JUnitReportReporter -->
<testsuite hostname="rivendell" name="br.test.ControladorInformacoesReservaUnitTest" tests="3" failures="0" timestamp="26 Nov 2014 11:38:29 GMT" time="0.060" errors="0">
  <testcase name="ControladorInformacoesReserva_ReservaPodeSerCancelada_DataInicioNoPresente_ReservaPodeSerCancelada" time="0.002" classname="br.test.ControladorInformacoesReservaUnitTest"/>
  <testcase name="ControladorInformacoesReserva_ReservaPodeSerCancelada_DataInicioNoPassado_ReservaNaoPodeSerCancelada" time="0.001" classname="br.test.ControladorInformacoesReservaUnitTest"/>
  <testcase name="ControladorInformacoesReserva_ReservaPodeSerCancelada_DataInicioNoFuturo_ReservaPodeSerCancelada" time="0.057" classname="br.test.ControladorInformacoesReservaUnitTest"/>
</testsuite> <!-- br.test.ControladorInformacoesReservaUnitTest -->
