<?xml version="1.0" encoding="UTF-8"?>
<!-- Generated by org.testng.reporters.JUnitReportReporter -->
<testsuite hostname="rivendell" name="br.test.ControladorCadastroClienteFunctionalTest" tests="5" failures="0" timestamp="28 Oct 2014 13:14:23 GMT" time="13.009" errors="0">
  <testcase name="testVerificarCPF_CPFExisteNoBanco_DeveRetornarFalse" time="1.356" classname="br.test.ControladorCadastroClienteFunctionalTest"/>
  <testcase name="testValidarCPF_CPFNaoExisteNoBanco_NaoDeveInserirUmaMensagemNoBundle" time="1.117" classname="br.test.ControladorCadastroClienteFunctionalTest"/>
  <testcase name="testVerificarCPF_CPFNaoExisteNoBanco_DeveRetornarTrue" time="1.814" classname="br.test.ControladorCadastroClienteFunctionalTest"/>
  <testcase name="testCadastrarCliente_CadastrarComSucesso_ClienteDeveEstarNoBanco" time="7.502" classname="br.test.ControladorCadastroClienteFunctionalTest"/>
  <testcase name="testValidarCPF_CPFExisteNoBanco_DeveInserirUmaMensagemNoBundle" time="1.220" classname="br.test.ControladorCadastroClienteFunctionalTest"/>
</testsuite> <!-- br.test.ControladorCadastroClienteFunctionalTest -->
