<?xml version="1.0" encoding="UTF-8"?>
<!-- Generated by org.testng.reporters.JUnitReportReporter -->
<testsuite hostname="rivendell" name="br.test.ControladorInformacoesVeiculoFunctionalTest" tests="2" failures="0" timestamp="26 Nov 2014 13:13:03 GMT" time="14.888" errors="0">
  <testcase name="testControladorInformacoesVeiculo_RemoverManutencao_DeveRemoverOVeiculoDaManutencao" time="5.019" classname="br.test.ControladorInformacoesVeiculoFunctionalTest"/>
  <testcase name="testControladorInformacoesVeiculo_EnviarManutencao_DeveEnviarOVeiculoParaManutencao" time="9.869" classname="br.test.ControladorInformacoesVeiculoFunctionalTest"/>
</testsuite> <!-- br.test.ControladorInformacoesVeiculoFunctionalTest -->
