<?xml version="1.0" encoding="UTF-8"?>
<!-- Generated by org.testng.reporters.JUnitReportReporter -->
<testsuite hostname="rivendell" name="br.test.ControladorCadastroVeiculoFunctionalTEst" tests="1" failures="0" timestamp="15 Sep 2014 02:47:09 GMT" time="3.030" errors="0">
  <testcase name="testCadastrarVeiculo_DeveCadastrarComSucesso" time="3.030" classname="br.test.ControladorCadastroVeiculoFunctionalTEst"/>
</testsuite> <!-- br.test.ControladorCadastroVeiculoFunctionalTEst -->
