<?xml version="1.0" encoding="UTF-8"?>
<!-- Generated by org.testng.reporters.JUnitReportReporter -->
<testsuite hostname="rivendell" name="br.test.ControladorInformacoesReservaFunctionalTest" tests="2" failures="0" timestamp="26 Nov 2014 12:23:38 GMT" time="11.056" errors="0">
  <testcase name="testControladorInformacoesReserva_Cancelar_ReservaPodeSerCancelada_DeveRemoverAReserva" time="3.476" classname="br.test.ControladorInformacoesReservaFunctionalTest"/>
  <testcase name="testControladorInformacoesReserva_Cancelar_ReservaNaoPodeSerCancelada_NaoDeveRemoverAReserva" time="7.580" classname="br.test.ControladorInformacoesReservaFunctionalTest"/>
</testsuite> <!-- br.test.ControladorInformacoesReservaFunctionalTest -->
