<?xml version="1.0" encoding="UTF-8"?>
<!-- Generated by org.testng.reporters.JUnitReportReporter -->
<testsuite hostname="rivendell" name="br.test.ControladorConsultaClienteUnitTest" tests="1" failures="0" timestamp="27 Nov 2014 10:26:15 GMT" time="5.434" errors="0">
  <testcase name="testControladorConsultaCliente_FormatarInformacoesCliente_DeveFormatarCPFENome" time="5.434" classname="br.test.ControladorConsultaClienteUnitTest"/>
</testsuite> <!-- br.test.ControladorConsultaClienteUnitTest -->
