<?xml version="1.0" encoding="UTF-8"?>
<!-- Generated by org.testng.reporters.JUnitReportReporter -->
<testsuite hostname="rivendell" name="br.test.ValidadorDadosCadastroClienteUnitTest" tests="20" failures="0" timestamp="16 Sep 2014 13:03:12 GMT" time="0.084" errors="0">
  <testcase name="testValidarCPF_CPFComMaisDe11Caracteres_DeveRetornarFalse" time="0.002" classname="br.test.ValidadorDadosCadastroClienteUnitTest"/>
  <testcase name="testValidarCPF_CPFComLetras_DeveRetornarFalse" time="0.025" classname="br.test.ValidadorDadosCadastroClienteUnitTest"/>
  <testcase name="testValidarRG_RGComLetras_DeveRetornarFalse" time="0.001" classname="br.test.ValidadorDadosCadastroClienteUnitTest"/>
  <testcase name="testValidarTelefone_TelefoneComMaisDe8Caracteres_DeveRetornarFalse" time="0.001" classname="br.test.ValidadorDadosCadastroClienteUnitTest"/>
  <testcase name="testValidarCarteira_CarteiraNulo_DeveRetornarFalse" time="0.001" classname="br.test.ValidadorDadosCadastroClienteUnitTest"/>
  <testcase name="testValidarCarteira_CarteiraComLetras_DeveRetornarFalse" time="0.001" classname="br.test.ValidadorDadosCadastroClienteUnitTest"/>
  <testcase name="testValidarCPF_CPFNulo_DeveRetornarFalse" time="0.001" classname="br.test.ValidadorDadosCadastroClienteUnitTest"/>
  <testcase name="testValidarEmail_EmailCorreto_DeveRetornarTrue" time="0.006" classname="br.test.ValidadorDadosCadastroClienteUnitTest"/>
  <testcase name="testValidarNome_NomeNaoPodeTerNumeros_DeveRetornarFalse" time="0.001" classname="br.test.ValidadorDadosCadastroClienteUnitTest"/>
  <testcase name="testValidarRG_RGSemLetras_DeveRetornarTrue" time="0.008" classname="br.test.ValidadorDadosCadastroClienteUnitTest"/>
  <testcase name="testValidarNome_NomeNulo_DeveRetornarFalse" time="0.012" classname="br.test.ValidadorDadosCadastroClienteUnitTest"/>
  <testcase name="testValidarTelefone_TelefoneSemLetras_DeveRetornarTrue" time="0.001" classname="br.test.ValidadorDadosCadastroClienteUnitTest"/>
  <testcase name="testValidarTelefone_TelefoneComLetras_DeveRetornarFalse" time="0.008" classname="br.test.ValidadorDadosCadastroClienteUnitTest"/>
  <testcase name="testValidarCarteira_CarteiraSemLetras_DeveRetornarTrue" time="0.001" classname="br.test.ValidadorDadosCadastroClienteUnitTest"/>
  <testcase name="testValidarCPF_CPFSemLetras_DeveRetornarTrue" time="0.001" classname="br.test.ValidadorDadosCadastroClienteUnitTest"/>
  <testcase name="testValidarNome_NomeComMenosDe3Letras_DeveRetornarFalse" time="0.001" classname="br.test.ValidadorDadosCadastroClienteUnitTest"/>
  <testcase name="testValidarRG_RGNulo_DeveRetornarFalse" time="0.001" classname="br.test.ValidadorDadosCadastroClienteUnitTest"/>
  <testcase name="testValidarEmail_EmailInvalido_DeveRetornarFalse" time="0.009" classname="br.test.ValidadorDadosCadastroClienteUnitTest"/>
  <testcase name="testValidarNome_NomeComMaisDe3Letras_DeveRetornarTrue" time="0.002" classname="br.test.ValidadorDadosCadastroClienteUnitTest"/>
  <testcase name="testValidarTelefone_TelefoneNulo_DeveRetornarFalse" time="0.001" classname="br.test.ValidadorDadosCadastroClienteUnitTest"/>
</testsuite> <!-- br.test.ValidadorDadosCadastroClienteUnitTest -->
