<?xml version="1.0" encoding="UTF-8"?>
<!-- Generated by org.testng.reporters.JUnitReportReporter -->
<testsuite hostname="rivendell" name="br.test.ControladorConsultaReservaUnitTest" tests="1" failures="0" timestamp="26 Nov 2014 11:10:15 GMT" time="7.324" errors="0">
  <testcase name="testControladorConsultaReserva_FormatarReserva_DeveFormatarInformacoesDaReserva" time="7.324" classname="br.test.ControladorConsultaReservaUnitTest"/>
</testsuite> <!-- br.test.ControladorConsultaReservaUnitTest -->
