<?xml version="1.0" encoding="UTF-8"?>
<!-- Generated by org.testng.reporters.JUnitReportReporter -->
<testsuite hostname="rivendell" name="br.test.ControladorPagamentoFunctionalTest" tests="5" failures="0" timestamp="30 Nov 2014 16:02:34 GMT" time="14.881" errors="0">
  <testcase name="testControladorPagamento_VenderCarro_FormaPagamentoDinheiro_DeveSetarFormaDePagamentoParaDinheiro" time="1.975" classname="br.test.ControladorPagamentoFunctionalTest"/>
  <testcase name="testControladorPagamento_VenderCarro_FormaPagamentoDebito_DeveSetarFormaDePagamentoParaDinheiro" time="2.095" classname="br.test.ControladorPagamentoFunctionalTest"/>
  <testcase name="testControladorPagamento_VenderCarro_FormaPagamentoCreditoEmXVezes_DeveSetarFormaDePagamentoParaDinheiro" time="7.155" classname="br.test.ControladorPagamentoFunctionalTest"/>
  <testcase name="testControladorPagamento_VenderCarro_VeiculoIndisponivel_DeveSetarVendidoParaTrue" time="1.885" classname="br.test.ControladorPagamentoFunctionalTest"/>
  <testcase name="testControladorPagamento_VenderCarro_VeiculoDisponivel_DeveSetarVendidoParaTrueEDisponivelParaFalse" time="1.771" classname="br.test.ControladorPagamentoFunctionalTest"/>
</testsuite> <!-- br.test.ControladorPagamentoFunctionalTest -->
