<?xml version="1.0" encoding="UTF-8"?>
<!-- Generated by org.testng.reporters.JUnitReportReporter -->
<testsuite hostname="rivendell" name="br.test.ValidadorDadosReservaUnitTest" tests="10" failures="0" timestamp="25 Nov 2014 12:41:32 GMT" time="0.052" errors="0">
  <testcase name="testValidarModelo_ModeloNulo_DeveRetornarFalse" time="0.001" classname="br.test.ValidadorDadosReservaUnitTest"/>
  <testcase name="testValidarDataFim_DataFimAntesDaDataInicio_DeveRetornarFalse" time="0.019" classname="br.test.ValidadorDadosReservaUnitTest"/>
  <testcase name="testValidarCPF_CPFNaoInserido_DeveRetornarFalse" time="0.023" classname="br.test.ValidadorDadosReservaUnitTest"/>
  <testcase name="testValidarMarca_MarcaNaoInserida_DeveRetornarFalse" time="0.001" classname="br.test.ValidadorDadosReservaUnitTest"/>
  <testcase name="testValidarDataFim_DataFimNula_DeveRetornarFalse" time="0.001" classname="br.test.ValidadorDadosReservaUnitTest"/>
  <testcase name="testValidarDataFim_DataInicioNula_DeveRetornarFalse" time="0.001" classname="br.test.ValidadorDadosReservaUnitTest"/>
  <testcase name="testValidarMarca_MarcaNulo_DeveRetornarFalse" time="0.001" classname="br.test.ValidadorDadosReservaUnitTest"/>
  <testcase name="testValidarDataFim_DataFimDepoisDaDataInicio_DeveRetornarFalse" time="0.001" classname="br.test.ValidadorDadosReservaUnitTest"/>
  <testcase name="testValidarModelo_ModeloNaoInserido_DeveRetornarFalse" time="0.002" classname="br.test.ValidadorDadosReservaUnitTest"/>
  <testcase name="testValidarCPF_CPFNulo_DeveRetornarFalse" time="0.002" classname="br.test.ValidadorDadosReservaUnitTest"/>
</testsuite> <!-- br.test.ValidadorDadosReservaUnitTest -->
