<?xml version="1.0" encoding="UTF-8"?>
<!-- Generated by org.testng.reporters.JUnitReportReporter -->
<testsuite hostname="rivendell" name="br.test.ControladorInformacoesClienteFunctionalTest" tests="2" failures="0" timestamp="27 Nov 2014 11:23:39 GMT" time="16.573" errors="0">
  <testcase name="testControladorInformacoesCliente_AdicionarListaNegra_ClienteDeveAparecerNaListaNegra" time="9.342" classname="br.test.ControladorInformacoesClienteFunctionalTest"/>
  <testcase name="testControladorInformacoesCliente_RemoverListaNegra_ClienteNaoDeveAparecerNaListaNegra" time="7.231" classname="br.test.ControladorInformacoesClienteFunctionalTest"/>
</testsuite> <!-- br.test.ControladorInformacoesClienteFunctionalTest -->
