<?xml version="1.0" encoding="UTF-8"?>
<!-- Generated by org.testng.reporters.JUnitReportReporter -->
<testsuite hostname="rivendell" name="br.test.ControladorPagamentoFunctionalTest" tests="2" failures="0" timestamp="27 Nov 2014 13:13:18 GMT" time="8.316" errors="0">
  <testcase name="testControladorPagamento_VenderCarro_VeiculoIndisponivel_DeveSetarVendidoParaTrue" time="2.081" classname="br.test.ControladorPagamentoFunctionalTest"/>
  <testcase name="testControladorPagamento_VenderCarro_VeiculoDisponivel_DeveSetarVendidoParaTrueEDisponivelParaFalse" time="6.235" classname="br.test.ControladorPagamentoFunctionalTest"/>
</testsuite> <!-- br.test.ControladorPagamentoFunctionalTest -->
