<?xml version="1.0" encoding="UTF-8"?>
<!-- Generated by org.testng.reporters.JUnitReportReporter -->
<testsuite hostname="rivendell" name="br.test.ControladorCadastroVeiculoFunctionalTest" tests="1" failures="0" timestamp="29 Sep 2014 19:19:12 GMT" time="6.743" errors="0">
  <testcase name="testCadastrarVeiculo_DeveCadastrarComSucesso" time="6.743" classname="br.test.ControladorCadastroVeiculoFunctionalTest"/>
</testsuite> <!-- br.test.ControladorCadastroVeiculoFunctionalTest -->
