<?xml version="1.0" encoding="UTF-8"?>
<!-- Generated by org.testng.reporters.JUnitReportReporter -->
<testsuite hostname="rivendell" name="br.test.ControladorCadastroVeiculoFunctionalTest" tests="1" failures="0" timestamp="26 Sep 2014 11:54:59 GMT" time="4.527" errors="0">
  <testcase name="testCadastrarVeiculo_DeveCadastrarComSucesso" time="4.527" classname="br.test.ControladorCadastroVeiculoFunctionalTest"/>
</testsuite> <!-- br.test.ControladorCadastroVeiculoFunctionalTest -->
