<?xml version="1.0" encoding="UTF-8"?>
<!-- Generated by org.testng.reporters.JUnitReportReporter -->
<testsuite hostname="rivendell" name="br.test.ControladorCadastroClienteFunctionalTest" tests="1" failures="0" timestamp="26 Sep 2014 11:03:13 GMT" time="5.783" errors="0">
  <testcase name="testCadastrarCliente_CadastrarComSucesso_ClienteDeveEstarNoBanco" time="5.783" classname="br.test.ControladorCadastroClienteFunctionalTest"/>
</testsuite> <!-- br.test.ControladorCadastroClienteFunctionalTest -->
