<?xml version="1.0" encoding="UTF-8"?>
<!-- Generated by org.testng.reporters.JUnitReportReporter -->
<testsuite hostname="rivendell" name="br.test.ControladorConsultaClienteFunctionalTest" tests="2" failures="0" timestamp="27 Nov 2014 10:37:09 GMT" time="7.029" errors="0">
  <testcase name="testControladorConsultaCliente_FiltrarClientes_CPFNulo" time="1.407" classname="br.test.ControladorConsultaClienteFunctionalTest"/>
  <testcase name="testControladorConsultaCliente_FiltrarClientes_CPFNaoNulo" time="5.622" classname="br.test.ControladorConsultaClienteFunctionalTest"/>
</testsuite> <!-- br.test.ControladorConsultaClienteFunctionalTest -->
