<?xml version="1.0" encoding="UTF-8"?>
<!-- Generated by org.testng.reporters.JUnitReportReporter -->
<testsuite hostname="rivendell" name="br.test.ControladorReservaVeiculoPorModeloFunctionalTest" tests="1" failures="0" timestamp="1 Oct 2014 12:55:22 GMT" time="6.816" errors="0">
  <testcase name="testControladorReservaVeiculoPorModelo_PopularVeiculo_MaisDeUmVeiculoDaMesmaMarcaEModelo_DeveEscolherQualquerUm" time="6.816" classname="br.test.ControladorReservaVeiculoPorModeloFunctionalTest"/>
</testsuite> <!-- br.test.ControladorReservaVeiculoPorModeloFunctionalTest -->
