<?xml version="1.0" encoding="UTF-8"?>
<!-- Generated by org.testng.reporters.JUnitReportReporter -->
<testsuite hostname="rivendell" name="br.test.ValidadorDadosCadastroVeiculoUnitTest" tests="8" failures="0" timestamp="25 Nov 2014 11:29:52 GMT" time="0.048" errors="0">
  <testcase name="testValidadorDadosCadastroVeiculo_ValidarPlaca_PlacaNUla_DeveRetornarFalse" time="0.001" classname="br.test.ValidadorDadosCadastroVeiculoUnitTest"/>
  <testcase name="testValidadorDadosCadastroVeiculo_ValidarModelo_ModeloNulo_DeveRetornarFalse" time="0.001" classname="br.test.ValidadorDadosCadastroVeiculoUnitTest"/>
  <testcase name="testValidadorDadosCadastroVeiculo_ValidarMarca_MarcaNaoNula_DeveRetornarTrue" time="0.001" classname="br.test.ValidadorDadosCadastroVeiculoUnitTest"/>
  <testcase name="testValidadorDadosCadastroVeiculo_ValidarModelo_ModeloNaoNulo_DeveRetornarTrue" time="0.001" classname="br.test.ValidadorDadosCadastroVeiculoUnitTest"/>
  <testcase name="testValidadorDadosCadastroVeiculo_ValidarDataUltimaManutencao_DataNoFuturo_DeveRetornarFalse" time="0.041" classname="br.test.ValidadorDadosCadastroVeiculoUnitTest"/>
  <testcase name="testValidadorDadosCadastroVeiculo_ValidarMarca_MarcaNula_DeveRetornarFalse" time="0.001" classname="br.test.ValidadorDadosCadastroVeiculoUnitTest"/>
  <testcase name="testValidadorDadosCadastroVeiculo_ValidarDataUltimaManutencao_DataValida_DeveRetornarTrue" time="0.001" classname="br.test.ValidadorDadosCadastroVeiculoUnitTest"/>
  <testcase name="testValidadorDadosCadastroVeiculo_ValidarPlaca_PlacaNaoNUla_DeveRetornarTrue" time="0.001" classname="br.test.ValidadorDadosCadastroVeiculoUnitTest"/>
</testsuite> <!-- br.test.ValidadorDadosCadastroVeiculoUnitTest -->
